Copyright 1986-2020 Xilinx, Inc. All Rights Reserved.
-----------------------------------------------------------------------------------------------------
| Tool Version : Vivado v.2020.2 (win64) Build 3064766 Wed Nov 18 09:12:45 MST 2020
| Date         : Sat Apr 17 13:40:43 2021
| Host         : DESKTOP-RGK2DGP running 64-bit major release  (build 9200)
| Command      : report_control_sets -verbose -file Audio_Effect_Box_wrapper_control_sets_placed.rpt
| Design       : Audio_Effect_Box_wrapper
| Device       : xc7z020
-----------------------------------------------------------------------------------------------------

Control Set Information

Table of Contents
-----------------
1. Summary
2. Histogram
3. Flip-Flop Distribution
4. Detailed Control Set Information

1. Summary
----------

+----------------------------------------------------------+-------+
|                          Status                          | Count |
+----------------------------------------------------------+-------+
| Total control sets                                       |   131 |
|    Minimum number of control sets                        |   131 |
|    Addition due to synthesis replication                 |     0 |
|    Addition due to physical synthesis replication        |     0 |
| Unused register locations in slices containing registers |   314 |
+----------------------------------------------------------+-------+
* Control sets can be merged at opt_design using control_set_merge or merge_equivalent_drivers
** Run report_qor_suggestions for automated merging and remapping suggestions


2. Histogram
------------

+--------------------+-------+
|       Fanout       | Count |
+--------------------+-------+
| Total control sets |   131 |
| >= 0 to < 4        |     6 |
| >= 4 to < 6        |    23 |
| >= 6 to < 8        |     5 |
| >= 8 to < 10       |    21 |
| >= 10 to < 12      |    13 |
| >= 12 to < 14      |    10 |
| >= 14 to < 16      |     5 |
| >= 16              |    48 |
+--------------------+-------+
* Control sets can be remapped at either synth_design or opt_design


3. Flip-Flop Distribution
-------------------------

+--------------+-----------------------+------------------------+-----------------+--------------+
| Clock Enable | Synchronous Set/Reset | Asynchronous Set/Reset | Total Registers | Total Slices |
+--------------+-----------------------+------------------------+-----------------+--------------+
| No           | No                    | No                     |            1616 |          341 |
| No           | No                    | Yes                    |               2 |            1 |
| No           | Yes                   | No                     |             332 |          121 |
| Yes          | No                    | No                     |             896 |          190 |
| Yes          | No                    | Yes                    |               0 |            0 |
| Yes          | Yes                   | No                     |            1576 |          434 |
+--------------+-----------------------+------------------------+-----------------+--------------+


4. Detailed Control Set Information
-----------------------------------

+---------------------------------------------------------+---------------------------------------------------------------------------------------------------------------------------------------------------------------------------------+-----------------------------------------------------------------------------------------------------------------------------------------------------------------------------------------------------------+------------------+----------------+--------------+
|                       Clock Signal                      |                                                                                  Enable Signal                                                                                  |                                                                                              Set/Reset Signal                                                                                             | Slice Load Count | Bel Load Count | Bels / Slice |
+---------------------------------------------------------+---------------------------------------------------------------------------------------------------------------------------------------------------------------------------------+-----------------------------------------------------------------------------------------------------------------------------------------------------------------------------------------------------------+------------------+----------------+--------------+
|  Audio_Effect_Box_i/processing_system7_0/inst/FCLK_CLK0 | Audio_Effect_Box_i/ps7_0_axi_periph/s00_couplers/auto_pc/inst/gen_axilite.gen_b2s_conv.axilite_b2s/WR.aw_channel_0/aw_cmd_fsm_0/FSM_sequential_state_reg[0]_1                   | Audio_Effect_Box_i/ps7_0_axi_periph/s00_couplers/auto_pc/inst/gen_axilite.gen_b2s_conv.axilite_b2s/WR.aw_channel_0/aw_cmd_fsm_0/FSM_sequential_state_reg[0]_0                                             |                1 |              1 |         1.00 |
|  Audio_Effect_Box_i/processing_system7_0/inst/FCLK_CLK0 | Audio_Effect_Box_i/axi_iic_0/U0/X_IIC/REG_INTERFACE_I/p_3_in                                                                                                                    | Audio_Effect_Box_i/axi_iic_0/U0/X_IIC/REG_INTERFACE_I/Tx_fifo_rst                                                                                                                                         |                1 |              1 |         1.00 |
|  Audio_Effect_Box_i/processing_system7_0/inst/FCLK_CLK0 | Audio_Effect_Box_i/ps7_0_axi_periph/s00_couplers/auto_pc/inst/gen_axilite.gen_b2s_conv.axilite_b2s/WR.b_channel_0/bid_fifo_0/sel                                                |                                                                                                                                                                                                           |                1 |              2 |         2.00 |
|  Audio_Effect_Box_i/processing_system7_0/inst/FCLK_CLK0 |                                                                                                                                                                                 | Audio_Effect_Box_i/rst_ps7_0_100M/U0/peripheral_reset[0]                                                                                                                                                  |                1 |              2 |         2.00 |
|  Audio_Effect_Box_i/processing_system7_0/inst/FCLK_CLK0 | Audio_Effect_Box_i/axi_iic_0/U0/X_IIC/WRITE_FIFO_CTRL_I/CI                                                                                                                      |                                                                                                                                                                                                           |                1 |              2 |         2.00 |
|  Audio_Effect_Box_i/processing_system7_0/inst/FCLK_CLK0 |                                                                                                                                                                                 | Audio_Effect_Box_i/i2s_transmitter_0/inst/I2S_TX_V1_0_SYS_INST/AXIS_FIFO_INST/xpm_fifo_async_inst/gnuram_async_fifo.xpm_fifo_base_inst/xpm_fifo_rst_inst/SR[0]                                            |                1 |              2 |         2.00 |
|  Audio_Effect_Box_i/processing_system7_0/inst/FCLK_CLK0 |                                                                                                                                                                                 | Audio_Effect_Box_i/rst_ps7_0_100M/U0/EXT_LPF/lpf_int                                                                                                                                                      |                2 |              4 |         2.00 |
|  Audio_Effect_Box_i/processing_system7_0/inst/FCLK_CLK0 | Audio_Effect_Box_i/ps7_0_axi_periph/s00_couplers/auto_pc/inst/gen_axilite.gen_b2s_conv.axilite_b2s/RD.ar_channel_0/ar_cmd_fsm_0/m_axi_arready_2                                 | Audio_Effect_Box_i/ps7_0_axi_periph/s00_couplers/auto_pc/inst/gen_axilite.gen_b2s_conv.axilite_b2s/RD.ar_channel_0/ar_cmd_fsm_0/FSM_sequential_state_reg[1]_0                                             |                1 |              4 |         4.00 |
|  Audio_Effect_Box_i/processing_system7_0/inst/FCLK_CLK0 | Audio_Effect_Box_i/i2s_receiver_0/inst/I2S_RX_V1_0_SYS_INST/I2S_RX_V1_0_AXI_INST/FSM_onehot_stmRead[3]_i_1_n_0                                                                  | Audio_Effect_Box_i/i2s_receiver_0/inst/I2S_RX_V1_0_SYS_INST/I2S_RX_V1_0_AXI_INST/SR[0]                                                                                                                    |                1 |              4 |         4.00 |
|  Audio_Effect_Box_i/processing_system7_0/inst/FCLK_CLK0 | Audio_Effect_Box_i/axi_iic_0/U0/X_IIC/X_AXI_IPIF_SSP1/AXI_LITE_IPIF_I/I_SLAVE_ATTACHMENT/I_DECODER/Bus2IIC_WrCE[8]                                                              | Audio_Effect_Box_i/axi_iic_0/U0/X_IIC/X_AXI_IPIF_SSP1/X_SOFT_RESET/Bus2IIC_Reset                                                                                                                          |                1 |              4 |         4.00 |
|  Audio_Effect_Box_i/processing_system7_0/inst/FCLK_CLK0 |                                                                                                                                                                                 | Audio_Effect_Box_i/axi_iic_0/U0/X_IIC/X_AXI_IPIF_SSP1/AXI_LITE_IPIF_I/I_SLAVE_ATTACHMENT/INCLUDE_DPHASE_TIMER.dpto_cnt[3]_i_1_n_0                                                                         |                1 |              4 |         4.00 |
|  Audio_Effect_Box_i/processing_system7_0/inst/FCLK_CLK0 | Audio_Effect_Box_i/rst_ps7_0_100M/U0/peripheral_aresetn[0]                                                                                                                      | Audio_Effect_Box_i/i2s_transmitter_0/inst/I2S_TX_V1_0_SYS_INST/I2S_TX_V1_0_AXI_INST/rClearIrqs                                                                                                            |                2 |              4 |         2.00 |
|  Audio_Effect_Box_i/processing_system7_0/inst/FCLK_CLK0 | Audio_Effect_Box_i/axi_iic_0/U0/X_IIC/WRITE_FIFO_I/Tx_data_exists                                                                                                               | Audio_Effect_Box_i/axi_iic_0/U0/X_IIC/REG_INTERFACE_I/Tx_fifo_rst                                                                                                                                         |                1 |              4 |         4.00 |
|  Audio_Effect_Box_i/processing_system7_0/inst/FCLK_CLK0 | Audio_Effect_Box_i/axi_iic_0/U0/X_IIC/WRITE_FIFO_CTRL_I/Data_Exists_DFF_0                                                                                                       | Audio_Effect_Box_i/axi_iic_0/U0/X_IIC/REG_INTERFACE_I/Tx_fifo_rst                                                                                                                                         |                1 |              4 |         4.00 |
|  Audio_Effect_Box_i/processing_system7_0/inst/FCLK_CLK0 | Audio_Effect_Box_i/i2s_receiver_0/inst/I2S_RX_V1_0_SYS_INST/I2S_RX_V1_0_AES_ENCODER_INST/rAudioFrameCount_1                                                                     | Audio_Effect_Box_i/i2s_receiver_0/inst/I2S_RX_V1_0_SYS_INST/I2S_RX_V1_0_AES_ENCODER_INST/rAudioFrameCount[5]_i_1_n_0                                                                                      |                2 |              4 |         2.00 |
|  Audio_Effect_Box_i/processing_system7_0/inst/FCLK_CLK0 |                                                                                                                                                                                 | Audio_Effect_Box_i/i2s_receiver_0/inst/I2S_RX_V1_0_SYS_INST/AXIS_FIFO_INST/xpm_fifo_async_inst/gnuram_async_fifo.xpm_fifo_base_inst/xpm_fifo_rst_inst/FSM_onehot_gen_rst_ic.curr_wrst_state[4]_i_1_n_0    |                2 |              4 |         2.00 |
|  Audio_Effect_Box_i/processing_system7_0/inst/FCLK_CLK0 | Audio_Effect_Box_i/i2s_receiver_0/inst/I2S_RX_V1_0_SYS_INST/I2S_RX_V1_0_AES_ENCODER_INST/rAudioFrameCount_1                                                                     |                                                                                                                                                                                                           |                2 |              4 |         2.00 |
|  Audio_Effect_Box_i/processing_system7_0/inst/FCLK_CLK0 | Audio_Effect_Box_i/i2s_transmitter_0/inst/I2S_TX_V1_0_SYS_INST/I2S_TX_V1_0_AXI_INST/FSM_onehot_stmRead[3]_i_1_n_0                                                               | Audio_Effect_Box_i/i2s_transmitter_0/inst/I2S_TX_V1_0_SYS_INST/I2S_TX_V1_0_AXI_INST/SR[0]                                                                                                                 |                1 |              4 |         4.00 |
|  Audio_Effect_Box_i/processing_system7_0/inst/FCLK_CLK0 | Audio_Effect_Box_i/axi_iic_0/U0/X_IIC/READ_FIFO_I/Rc_Data_Exists                                                                                                                | Audio_Effect_Box_i/axi_iic_0/U0/X_IIC/X_AXI_IPIF_SSP1/X_SOFT_RESET/Bus2IIC_Reset                                                                                                                          |                1 |              4 |         4.00 |
|  Audio_Effect_Box_i/processing_system7_0/inst/FCLK_CLK0 |                                                                                                                                                                                 | Audio_Effect_Box_i/i2s_transmitter_0/inst/I2S_TX_V1_0_SYS_INST/AXIS_FIFO_INST/xpm_fifo_async_inst/gnuram_async_fifo.xpm_fifo_base_inst/xpm_fifo_rst_inst/FSM_onehot_gen_rst_ic.curr_wrst_state[4]_i_1_n_0 |                1 |              4 |         4.00 |
|  Audio_Effect_Box_i/processing_system7_0/inst/FCLK_CLK0 | Audio_Effect_Box_i/axi_iic_0/U0/X_IIC/IIC_CONTROL_I/BITCNT/q_int[0]_i_1__0_n_0                                                                                                  | Audio_Effect_Box_i/axi_iic_0/U0/X_IIC/REG_INTERFACE_I/cr_i_reg[7]_0                                                                                                                                       |                1 |              4 |         4.00 |
|  Audio_Effect_Box_i/processing_system7_0/inst/FCLK_CLK0 |                                                                                                                                                                                 | Audio_Effect_Box_i/ps7_0_axi_periph/s00_couplers/auto_pc/inst/gen_axilite.gen_b2s_conv.axilite_b2s/SI_REG/aw.aw_pipe/aresetn_d_reg[0]_0                                                                   |                1 |              4 |         4.00 |
|  Audio_Effect_Box_i/processing_system7_0/inst/FCLK_CLK0 |                                                                                                                                                                                 | Audio_Effect_Box_i/i2s_receiver_0/inst/I2S_RX_V1_0_SYS_INST/iRst13_in                                                                                                                                     |                2 |              4 |         2.00 |
|  Audio_Effect_Box_i/processing_system7_0/inst/FCLK_CLK0 |                                                                                                                                                                                 | Audio_Effect_Box_i/ps7_0_axi_periph/s00_couplers/auto_pc/inst/gen_axilite.gen_b2s_conv.axilite_b2s/SI_REG/ar.ar_pipe/aresetn_d_reg[1]_inv_0                                                               |                2 |              4 |         2.00 |
|  Audio_Effect_Box_i/processing_system7_0/inst/FCLK_CLK0 | Audio_Effect_Box_i/ps7_0_axi_periph/s00_couplers/auto_pc/inst/gen_axilite.gen_b2s_conv.axilite_b2s/RD.r_channel_0/rd_data_fifo_0/cnt_read[4]_i_1__0_n_0                         | Audio_Effect_Box_i/ps7_0_axi_periph/s00_couplers/auto_pc/inst/gen_axilite.gen_b2s_conv.axilite_b2s/areset_d1                                                                                              |                2 |              5 |         2.50 |
|  Audio_Effect_Box_i/processing_system7_0/inst/FCLK_CLK0 |                                                                                                                                                                                 | Audio_Effect_Box_i/i2s_transmitter_0/inst/I2S_TX_V1_0_SYS_INST/I2S_TX_V1_0_AES_DECODE_INST/iRst0                                                                                                          |                3 |              5 |         1.67 |
|  Audio_Effect_Box_i/processing_system7_0/inst/FCLK_CLK0 | Audio_Effect_Box_i/axi_iic_0/U0/X_IIC/X_AXI_IPIF_SSP1/AXI_LITE_IPIF_I/I_SLAVE_ATTACHMENT/I_DECODER/Bus2IIC_WrCE[11]                                                             | Audio_Effect_Box_i/axi_iic_0/U0/X_IIC/X_AXI_IPIF_SSP1/X_SOFT_RESET/Bus2IIC_Reset                                                                                                                          |                2 |              5 |         2.50 |
|  Audio_Effect_Box_i/processing_system7_0/inst/FCLK_CLK0 | Audio_Effect_Box_i/ps7_0_axi_periph/s00_couplers/auto_pc/inst/gen_axilite.gen_b2s_conv.axilite_b2s/RD.r_channel_0/transaction_fifo_0/cnt_read[4]_i_1_n_0                        | Audio_Effect_Box_i/ps7_0_axi_periph/s00_couplers/auto_pc/inst/gen_axilite.gen_b2s_conv.axilite_b2s/areset_d1                                                                                              |                1 |              5 |         5.00 |
|  Audio_Effect_Box_i/processing_system7_0/inst/FCLK_CLK0 | Audio_Effect_Box_i/i2s_transmitter_0/inst/I2S_TX_V1_0_SYS_INST/I2S_TX_V1_0_AXI_INST/rIrqEnables[31]_i_1_n_0                                                                     | Audio_Effect_Box_i/i2s_transmitter_0/inst/I2S_TX_V1_0_SYS_INST/I2S_TX_V1_0_AXI_INST/SR[0]                                                                                                                 |                3 |              5 |         1.67 |
|  Audio_Effect_Box_i/processing_system7_0/inst/FCLK_CLK0 |                                                                                                                                                                                 | Audio_Effect_Box_i/axi_iic_0/U0/X_IIC/X_AXI_IPIF_SSP1/X_SOFT_RESET/AXI_Bus2IP_Reset                                                                                                                       |                1 |              6 |         6.00 |
|  Audio_Effect_Box_i/processing_system7_0/inst/FCLK_CLK0 | Audio_Effect_Box_i/i2s_transmitter_0/inst/I2S_TX_V1_0_SYS_INST/AXIS_FIFO_INST/s_axis_aud_tvalid_0[0]                                                                            | Audio_Effect_Box_i/i2s_transmitter_0/inst/I2S_TX_V1_0_SYS_INST/I2S_TX_V1_0_AES_DECODE_INST/iRst0                                                                                                          |                1 |              6 |         6.00 |
|  Audio_Effect_Box_i/processing_system7_0/inst/FCLK_CLK0 | Audio_Effect_Box_i/rst_ps7_0_100M/U0/SEQ/seq_cnt_en                                                                                                                             | Audio_Effect_Box_i/rst_ps7_0_100M/U0/SEQ/SEQ_COUNTER/clear                                                                                                                                                |                1 |              6 |         6.00 |
|  Audio_Effect_Box_i/processing_system7_0/inst/FCLK_CLK0 |                                                                                                                                                                                 | Audio_Effect_Box_i/axi_iic_0/U0/X_IIC/REG_INTERFACE_I/Tx_fifo_rst                                                                                                                                         |                3 |              6 |         2.00 |
|  Audio_Effect_Box_i/processing_system7_0/inst/FCLK_CLK0 | Audio_Effect_Box_i/axi_iic_0/U0/X_IIC/X_AXI_IPIF_SSP1/AXI_LITE_IPIF_I/I_SLAVE_ATTACHMENT/I_DECODER/Bus2IIC_WrCE[9]                                                              | Audio_Effect_Box_i/axi_iic_0/U0/X_IIC/X_AXI_IPIF_SSP1/X_SOFT_RESET/Bus2IIC_Reset                                                                                                                          |                2 |              7 |         3.50 |
|  Audio_Effect_Box_i/processing_system7_0/inst/FCLK_CLK0 | Audio_Effect_Box_i/axi_iic_0/U0/X_IIC/DYN_MASTER_I/rdByteCntr[0]_i_1_n_0                                                                                                        | Audio_Effect_Box_i/axi_iic_0/U0/X_IIC/REG_INTERFACE_I/Tx_fifo_rst                                                                                                                                         |                3 |              8 |         2.67 |
|  Audio_Effect_Box_i/processing_system7_0/inst/FCLK_CLK0 | Audio_Effect_Box_i/i2s_transmitter_0/inst/I2S_TX_V1_0_SYS_INST/I2S_TX_V1_0_AXI_INST/rSclkDiv[7]_i_1_n_0                                                                         | Audio_Effect_Box_i/i2s_transmitter_0/inst/I2S_TX_V1_0_SYS_INST/I2S_TX_V1_0_AXI_INST/SR[0]                                                                                                                 |                2 |              8 |         4.00 |
|  Audio_Effect_Box_i/processing_system7_0/inst/FCLK_CLK0 | Audio_Effect_Box_i/axi_iic_0/U0/X_IIC/IIC_CONTROL_I/I2CDATA_REG/data_int[7]_i_1_n_0                                                                                             | Audio_Effect_Box_i/axi_iic_0/U0/X_IIC/REG_INTERFACE_I/cr_i_reg[7]_0                                                                                                                                       |                2 |              8 |         4.00 |
|  Audio_Effect_Box_i/processing_system7_0/inst/FCLK_CLK0 | Audio_Effect_Box_i/axi_iic_0/U0/X_IIC/X_AXI_IPIF_SSP1/AXI_LITE_IPIF_I/I_SLAVE_ATTACHMENT/I_DECODER/E[0]                                                                         | Audio_Effect_Box_i/axi_iic_0/U0/X_IIC/X_AXI_IPIF_SSP1/X_SOFT_RESET/Bus2IIC_Reset                                                                                                                          |                2 |              8 |         4.00 |
|  Audio_Effect_Box_i/processing_system7_0/inst/FCLK_CLK0 | Audio_Effect_Box_i/i2s_receiver_0/inst/I2S_RX_V1_0_SYS_INST/I2S_RX_V1_0_AXI_INST/rWriteAddr_0                                                                                   | Audio_Effect_Box_i/i2s_receiver_0/inst/I2S_RX_V1_0_SYS_INST/I2S_RX_V1_0_AXI_INST/SR[0]                                                                                                                    |                1 |              8 |         8.00 |
|  Audio_Effect_Box_i/processing_system7_0/inst/FCLK_CLK0 | Audio_Effect_Box_i/axi_iic_0/U0/X_IIC/IIC_CONTROL_I/data_i2c_i0                                                                                                                 | Audio_Effect_Box_i/axi_iic_0/U0/X_IIC/REG_INTERFACE_I/cr_i_reg[7]_0                                                                                                                                       |                1 |              8 |         8.00 |
|  Audio_Effect_Box_i/processing_system7_0/inst/FCLK_CLK0 | Audio_Effect_Box_i/axi_iic_0/U0/X_IIC/IIC_CONTROL_I/i2c_header_en                                                                                                               | Audio_Effect_Box_i/axi_iic_0/U0/X_IIC/REG_INTERFACE_I/cr_i_reg[7]_0                                                                                                                                       |                3 |              8 |         2.67 |
|  Audio_Effect_Box_i/processing_system7_0/inst/FCLK_CLK0 | Audio_Effect_Box_i/i2s_receiver_0/inst/I2S_RX_V1_0_SYS_INST/I2S_RX_V1_0_AXI_INST/rReadAddr[7]_i_1_n_0                                                                           | Audio_Effect_Box_i/i2s_receiver_0/inst/I2S_RX_V1_0_SYS_INST/I2S_RX_V1_0_AXI_INST/SR[0]                                                                                                                    |                1 |              8 |         8.00 |
|  Audio_Effect_Box_i/processing_system7_0/inst/FCLK_CLK0 | Audio_Effect_Box_i/axi_iic_0/U0/X_IIC/READ_FIFO_I/CI                                                                                                                            |                                                                                                                                                                                                           |                1 |              8 |         8.00 |
|  Audio_Effect_Box_i/processing_system7_0/inst/FCLK_CLK0 | Audio_Effect_Box_i/i2s_transmitter_0/inst/I2S_TX_V1_0_SYS_INST/I2S_TX_V1_0_AXI_INST/rReadAddr[7]_i_1_n_0                                                                        | Audio_Effect_Box_i/i2s_transmitter_0/inst/I2S_TX_V1_0_SYS_INST/I2S_TX_V1_0_AXI_INST/SR[0]                                                                                                                 |                1 |              8 |         8.00 |
|  Audio_Effect_Box_i/processing_system7_0/inst/FCLK_CLK0 | Audio_Effect_Box_i/i2s_transmitter_0/inst/I2S_TX_V1_0_SYS_INST/I2S_TX_V1_0_AXI_INST/rWriteAddr                                                                                  | Audio_Effect_Box_i/i2s_transmitter_0/inst/I2S_TX_V1_0_SYS_INST/I2S_TX_V1_0_AXI_INST/SR[0]                                                                                                                 |                2 |              8 |         4.00 |
|  Audio_Effect_Box_i/processing_system7_0/inst/FCLK_CLK0 | Audio_Effect_Box_i/i2s_transmitter_0/inst/I2S_TX_V1_0_SYS_INST/I2S_TX_V1_0_AES_DECODE_INST/rAudioFrameCount                                                                     | Audio_Effect_Box_i/i2s_transmitter_0/inst/I2S_TX_V1_0_SYS_INST/I2S_TX_V1_0_AES_DECODE_INST/iRst0                                                                                                          |                3 |              8 |         2.67 |
|  Audio_Effect_Box_i/processing_system7_0/inst/FCLK_CLK0 |                                                                                                                                                                                 | Audio_Effect_Box_i/i2s_receiver_0/inst/I2S_RX_V1_0_SYS_INST/AXIS_FIFO_INST/xpm_fifo_async_inst/gnuram_async_fifo.xpm_fifo_base_inst/xpm_fifo_rst_inst/wrst_busy                                           |                3 |              8 |         2.67 |
|  Audio_Effect_Box_i/processing_system7_0/inst/FCLK_CLK0 | Audio_Effect_Box_i/ps7_0_axi_periph/s00_couplers/auto_pc/inst/gen_axilite.gen_b2s_conv.axilite_b2s/WR.b_channel_0/mhandshake_r                                                  | Audio_Effect_Box_i/ps7_0_axi_periph/s00_couplers/auto_pc/inst/gen_axilite.gen_b2s_conv.axilite_b2s/WR.b_channel_0/bid_fifo_0/SR[0]                                                                        |                3 |              8 |         2.67 |
|  Audio_Effect_Box_i/processing_system7_0/inst/FCLK_CLK0 |                                                                                                                                                                                 | Audio_Effect_Box_i/i2s_receiver_0/inst/I2S_RX_V1_0_SYS_INST/I2S_RX_V1_0_TIMGEN_INST/rDivCounter[7]_i_1_n_0                                                                                                |                2 |              8 |         4.00 |
|  Audio_Effect_Box_i/processing_system7_0/inst/FCLK_CLK0 |                                                                                                                                                                                 | Audio_Effect_Box_i/i2s_transmitter_0/inst/I2S_TX_V1_0_SYS_INST/iRst1                                                                                                                                      |                3 |              8 |         2.67 |
|  Audio_Effect_Box_i/processing_system7_0/inst/FCLK_CLK0 |                                                                                                                                                                                 | Audio_Effect_Box_i/i2s_receiver_0/inst/I2S_RX_V1_0_SYS_INST/I2S_RX_V1_0_AES_ENCODER_INST/iRst0                                                                                                            |                3 |              8 |         2.67 |
|  Audio_Effect_Box_i/processing_system7_0/inst/FCLK_CLK0 | Audio_Effect_Box_i/i2s_receiver_0/inst/I2S_RX_V1_0_SYS_INST/I2S_RX_V1_0_AXI_INST/rSclkDiv[7]_i_1_n_0                                                                            | Audio_Effect_Box_i/i2s_receiver_0/inst/I2S_RX_V1_0_SYS_INST/I2S_RX_V1_0_AXI_INST/SR[0]                                                                                                                    |                1 |              8 |         8.00 |
|  Audio_Effect_Box_i/processing_system7_0/inst/FCLK_CLK0 |                                                                                                                                                                                 | Audio_Effect_Box_i/i2s_transmitter_0/inst/I2S_TX_V1_0_SYS_INST/AXIS_FIFO_INST/xpm_fifo_async_inst/gnuram_async_fifo.xpm_fifo_base_inst/xpm_fifo_rst_inst/wrst_busy                                        |                4 |              8 |         2.00 |
|  Audio_Effect_Box_i/processing_system7_0/inst/FCLK_CLK0 | Audio_Effect_Box_i/axi_iic_0/U0/X_IIC/WRITE_FIFO_I/CI                                                                                                                           |                                                                                                                                                                                                           |                1 |              8 |         8.00 |
|  Audio_Effect_Box_i/processing_system7_0/inst/FCLK_CLK0 |                                                                                                                                                                                 | Audio_Effect_Box_i/i2s_transmitter_0/inst/I2S_TX_V1_0_SYS_INST/genblk4[0].I2S_TX_V1_0_SER_INST/iMRst0                                                                                                     |                5 |              9 |         1.80 |
|  Audio_Effect_Box_i/processing_system7_0/inst/FCLK_CLK0 | Audio_Effect_Box_i/axi_iic_0/U0/X_IIC/IIC_CONTROL_I/FSM_onehot_scl_state[9]_i_2_n_0                                                                                             | Audio_Effect_Box_i/axi_iic_0/U0/X_IIC/REG_INTERFACE_I/cr_i_reg[7]_0                                                                                                                                       |                5 |             10 |         2.00 |
|  Audio_Effect_Box_i/processing_system7_0/inst/FCLK_CLK0 | Audio_Effect_Box_i/axi_iic_0/U0/X_IIC/X_AXI_IPIF_SSP1/AXI_LITE_IPIF_I/I_SLAVE_ATTACHMENT/I_DECODER/Bus2IIC_WrCE[0]                                                              | Audio_Effect_Box_i/axi_iic_0/U0/X_IIC/X_AXI_IPIF_SSP1/X_SOFT_RESET/Bus2IIC_Reset                                                                                                                          |                3 |             10 |         3.33 |
|  Audio_Effect_Box_i/processing_system7_0/inst/FCLK_CLK0 | Audio_Effect_Box_i/axi_iic_0/U0/X_IIC/X_AXI_IPIF_SSP1/AXI_LITE_IPIF_I/I_SLAVE_ATTACHMENT/I_DECODER/Bus2IIC_WrCE[3]                                                              | Audio_Effect_Box_i/axi_iic_0/U0/X_IIC/X_AXI_IPIF_SSP1/X_SOFT_RESET/Bus2IIC_Reset                                                                                                                          |                4 |             10 |         2.50 |
|  Audio_Effect_Box_i/processing_system7_0/inst/FCLK_CLK0 | Audio_Effect_Box_i/axi_iic_0/U0/X_IIC/X_AXI_IPIF_SSP1/AXI_LITE_IPIF_I/I_SLAVE_ATTACHMENT/I_DECODER/Bus2IIC_WrCE[6]                                                              | Audio_Effect_Box_i/axi_iic_0/U0/X_IIC/X_AXI_IPIF_SSP1/X_SOFT_RESET/Bus2IIC_Reset                                                                                                                          |                5 |             10 |         2.00 |
|  Audio_Effect_Box_i/processing_system7_0/inst/FCLK_CLK0 | Audio_Effect_Box_i/axi_iic_0/U0/X_IIC/X_AXI_IPIF_SSP1/AXI_LITE_IPIF_I/I_SLAVE_ATTACHMENT/I_DECODER/Bus2IIC_WrCE[2]                                                              | Audio_Effect_Box_i/axi_iic_0/U0/X_IIC/X_AXI_IPIF_SSP1/X_SOFT_RESET/Bus2IIC_Reset                                                                                                                          |                3 |             10 |         3.33 |
|  Audio_Effect_Box_i/processing_system7_0/inst/FCLK_CLK0 | Audio_Effect_Box_i/axi_iic_0/U0/X_IIC/X_AXI_IPIF_SSP1/AXI_LITE_IPIF_I/I_SLAVE_ATTACHMENT/I_DECODER/Bus2IIC_WrCE[5]                                                              | Audio_Effect_Box_i/axi_iic_0/U0/X_IIC/X_AXI_IPIF_SSP1/X_SOFT_RESET/Bus2IIC_Reset                                                                                                                          |                3 |             10 |         3.33 |
|  Audio_Effect_Box_i/processing_system7_0/inst/FCLK_CLK0 | Audio_Effect_Box_i/axi_iic_0/U0/X_IIC/X_AXI_IPIF_SSP1/AXI_LITE_IPIF_I/I_SLAVE_ATTACHMENT/I_DECODER/Bus2IIC_WrCE[1]                                                              | Audio_Effect_Box_i/axi_iic_0/U0/X_IIC/X_AXI_IPIF_SSP1/X_SOFT_RESET/Bus2IIC_Reset                                                                                                                          |                3 |             10 |         3.33 |
|  Audio_Effect_Box_i/processing_system7_0/inst/FCLK_CLK0 | Audio_Effect_Box_i/axi_iic_0/U0/X_IIC/X_AXI_IPIF_SSP1/AXI_LITE_IPIF_I/I_SLAVE_ATTACHMENT/I_DECODER/Bus2IIC_WrCE[7]                                                              | Audio_Effect_Box_i/axi_iic_0/U0/X_IIC/X_AXI_IPIF_SSP1/X_SOFT_RESET/Bus2IIC_Reset                                                                                                                          |                4 |             10 |         2.50 |
|  Audio_Effect_Box_i/processing_system7_0/inst/FCLK_CLK0 | Audio_Effect_Box_i/axi_iic_0/U0/X_IIC/X_AXI_IPIF_SSP1/AXI_LITE_IPIF_I/I_SLAVE_ATTACHMENT/I_DECODER/Bus2IIC_WrCE[4]                                                              | Audio_Effect_Box_i/axi_iic_0/U0/X_IIC/X_AXI_IPIF_SSP1/X_SOFT_RESET/Bus2IIC_Reset                                                                                                                          |                3 |             10 |         3.33 |
|  Audio_Effect_Box_i/processing_system7_0/inst/FCLK_CLK0 | Audio_Effect_Box_i/axi_iic_0/U0/X_IIC/X_AXI_IPIF_SSP1/AXI_LITE_IPIF_I/I_SLAVE_ATTACHMENT/bus2ip_addr_i[8]_i_1_n_0                                                               | Audio_Effect_Box_i/axi_iic_0/U0/X_IIC/X_AXI_IPIF_SSP1/AXI_LITE_IPIF_I/I_SLAVE_ATTACHMENT/rst                                                                                                              |                2 |             10 |         5.00 |
|  Audio_Effect_Box_i/processing_system7_0/inst/FCLK_CLK0 | Audio_Effect_Box_i/axi_iic_0/U0/X_IIC/IIC_CONTROL_I/CLKCNT/q_int[0]_i_1__1_n_0                                                                                                  | Audio_Effect_Box_i/axi_iic_0/U0/X_IIC/REG_INTERFACE_I/cr_i_reg[7]_0                                                                                                                                       |                5 |             10 |         2.00 |
|  Audio_Effect_Box_i/processing_system7_0/inst/FCLK_CLK0 |                                                                                                                                                                                 | Audio_Effect_Box_i/ps7_0_axi_periph/s00_couplers/auto_pc/inst/gen_axilite.gen_b2s_conv.axilite_b2s/areset_d1                                                                                              |                5 |             10 |         2.00 |
|  Audio_Effect_Box_i/processing_system7_0/inst/FCLK_CLK0 | Audio_Effect_Box_i/axi_iic_0/U0/X_IIC/IIC_CONTROL_I/SETUP_CNT/q_int[0]_i_1_n_0                                                                                                  | Audio_Effect_Box_i/axi_iic_0/U0/X_IIC/REG_INTERFACE_I/cr_i_reg[7]_0                                                                                                                                       |                2 |             10 |         5.00 |
|  Audio_Effect_Box_i/processing_system7_0/inst/FCLK_CLK0 | Audio_Effect_Box_i/ps7_0_axi_periph/s00_couplers/auto_pc/inst/gen_axilite.gen_b2s_conv.axilite_b2s/RD.ar_channel_0/ar_cmd_fsm_0/sel_first_reg[0]                                |                                                                                                                                                                                                           |                3 |             12 |         4.00 |
|  Audio_Effect_Box_i/processing_system7_0/inst/FCLK_CLK0 | Audio_Effect_Box_i/axi_iic_0/U0/X_IIC/X_AXI_IPIF_SSP1/AXI_LITE_IPIF_I/I_SLAVE_ATTACHMENT/s_axi_rresp_i                                                                          | Audio_Effect_Box_i/axi_iic_0/U0/X_IIC/X_AXI_IPIF_SSP1/AXI_LITE_IPIF_I/I_SLAVE_ATTACHMENT/rst                                                                                                              |                5 |             12 |         2.40 |
|  Audio_Effect_Box_i/processing_system7_0/inst/FCLK_CLK0 | Audio_Effect_Box_i/ps7_0_axi_periph/s00_couplers/auto_pc/inst/gen_axilite.gen_b2s_conv.axilite_b2s/RD.ar_channel_0/ar_cmd_fsm_0/E[0]                                            |                                                                                                                                                                                                           |                5 |             12 |         2.40 |
|  Audio_Effect_Box_i/processing_system7_0/inst/FCLK_CLK0 |                                                                                                                                                                                 | Audio_Effect_Box_i/axi_iic_0/U0/X_IIC/X_AXI_IPIF_SSP1/AXI_LITE_IPIF_I/I_SLAVE_ATTACHMENT/rst                                                                                                              |                4 |             12 |         3.00 |
|  Audio_Effect_Box_i/processing_system7_0/inst/FCLK_CLK0 | Audio_Effect_Box_i/ps7_0_axi_periph/s00_couplers/auto_pc/inst/gen_axilite.gen_b2s_conv.axilite_b2s/WR.aw_channel_0/aw_cmd_fsm_0/m_valid_i_reg[0]                                |                                                                                                                                                                                                           |                4 |             12 |         3.00 |
|  Audio_Effect_Box_i/processing_system7_0/inst/FCLK_CLK0 |                                                                                                                                                                                 | Audio_Effect_Box_i/i2s_receiver_0/inst/I2S_RX_V1_0_SYS_INST/AXIS_FIFO_INST/xpm_fifo_async_inst/gnuram_async_fifo.xpm_fifo_base_inst/xpm_fifo_rst_inst/gen_rst_ic.fifo_rd_rst_ic_reg_0                     |                3 |             12 |         4.00 |
|  Audio_Effect_Box_i/processing_system7_0/inst/FCLK_CLK0 | Audio_Effect_Box_i/ps7_0_axi_periph/s00_couplers/auto_pc/inst/gen_axilite.gen_b2s_conv.axilite_b2s/WR.aw_channel_0/cmd_translator_0/incr_cmd_0/axaddr_incr[11]_i_1_n_0          |                                                                                                                                                                                                           |                2 |             12 |         6.00 |
|  Audio_Effect_Box_i/processing_system7_0/inst/FCLK_CLK0 | Audio_Effect_Box_i/ps7_0_axi_periph/s00_couplers/auto_pc/inst/gen_axilite.gen_b2s_conv.axilite_b2s/RD.r_channel_0/r_push_r                                                      |                                                                                                                                                                                                           |                4 |             13 |         3.25 |
|  Audio_Effect_Box_i/processing_system7_0/inst/FCLK_CLK0 |                                                                                                                                                                                 | Audio_Effect_Box_i/i2s_receiver_0/inst/I2S_RX_V1_0_SYS_INST/I2S_RX_V1_0_TIMGEN_INST/iMRst0                                                                                                                |                5 |             13 |         2.60 |
|  Audio_Effect_Box_i/processing_system7_0/inst/FCLK_CLK0 |                                                                                                                                                                                 | Audio_Effect_Box_i/ps7_0_axi_periph/xbar/inst/gen_sasd.crossbar_sasd_0/addr_arbiter_inst/SR[0]                                                                                                            |                6 |             13 |         2.17 |
|  Audio_Effect_Box_i/processing_system7_0/inst/FCLK_CLK0 | Audio_Effect_Box_i/ps7_0_axi_periph/s00_couplers/auto_pc/inst/gen_axilite.gen_b2s_conv.axilite_b2s/SI_REG/b.b_pipe/s_ready_i_reg_0                                              |                                                                                                                                                                                                           |                2 |             14 |         7.00 |
|  Audio_Effect_Box_i/processing_system7_0/inst/FCLK_CLK0 | Audio_Effect_Box_i/ps7_0_axi_periph/s00_couplers/auto_pc/inst/gen_axilite.gen_b2s_conv.axilite_b2s/SI_REG/b.b_pipe/p_1_in                                                       |                                                                                                                                                                                                           |                2 |             14 |         7.00 |
|  Audio_Effect_Box_i/processing_system7_0/inst/FCLK_CLK0 | Audio_Effect_Box_i/i2s_receiver_0/inst/I2S_RX_V1_0_SYS_INST/AXIS_FIFO_INST/xpm_fifo_async_inst/gnuram_async_fifo.xpm_fifo_base_inst/rdp_inst/E[0]                               | Audio_Effect_Box_i/i2s_receiver_0/inst/I2S_RX_V1_0_SYS_INST/AXIS_FIFO_INST/xpm_fifo_async_inst/gnuram_async_fifo.xpm_fifo_base_inst/xpm_fifo_rst_inst/gen_rst_ic.fifo_rd_rst_ic_reg_0                     |                7 |             14 |         2.00 |
|  Audio_Effect_Box_i/processing_system7_0/inst/FCLK_CLK0 | Audio_Effect_Box_i/ps7_0_axi_periph/xbar/inst/gen_sasd.crossbar_sasd_0/reg_slice_r/aa_rready                                                                                    |                                                                                                                                                                                                           |                5 |             15 |         3.00 |
|  Audio_Effect_Box_i/processing_system7_0/inst/FCLK_CLK0 | Audio_Effect_Box_i/i2s_transmitter_0/inst/I2S_TX_V1_0_SYS_INST/AXIS_FIFO_INST/xpm_fifo_async_inst/gnuram_async_fifo.xpm_fifo_base_inst/rdp_inst/E[0]                            | Audio_Effect_Box_i/i2s_transmitter_0/inst/I2S_TX_V1_0_SYS_INST/AXIS_FIFO_INST/xpm_fifo_async_inst/gnuram_async_fifo.xpm_fifo_base_inst/xpm_fifo_rst_inst/gen_rst_ic.fifo_rd_rst_ic_reg_0                  |                5 |             15 |         3.00 |
|  Audio_Effect_Box_i/processing_system7_0/inst/FCLK_CLK0 | Audio_Effect_Box_i/ps7_0_axi_periph/s00_couplers/auto_pc/inst/gen_axilite.gen_b2s_conv.axilite_b2s/WR.aw_channel_0/aw_cmd_fsm_0/m_axi_awready_0                                 |                                                                                                                                                                                                           |                3 |             16 |         5.33 |
|  Audio_Effect_Box_i/processing_system7_0/inst/FCLK_CLK0 | Audio_Effect_Box_i/i2s_receiver_0/inst/I2S_RX_V1_0_SYS_INST/I2S_RX_V1_0_TIMGEN_INST/rLRClkCounter[0]_i_2_n_0                                                                    | Audio_Effect_Box_i/i2s_receiver_0/inst/I2S_RX_V1_0_SYS_INST/I2S_RX_V1_0_TIMGEN_INST/rLRClkCounter[0]_i_1_n_0                                                                                              |                4 |             16 |         4.00 |
|  Audio_Effect_Box_i/processing_system7_0/inst/FCLK_CLK0 |                                                                                                                                                                                 | Audio_Effect_Box_i/i2s_transmitter_0/inst/I2S_TX_V1_0_SYS_INST/AXIS_FIFO_INST/xpm_fifo_async_inst/gnuram_async_fifo.xpm_fifo_base_inst/xpm_fifo_rst_inst/gen_rst_ic.fifo_rd_rst_ic_reg_0                  |                7 |             20 |         2.86 |
|  Audio_Effect_Box_i/processing_system7_0/inst/FCLK_CLK0 | Audio_Effect_Box_i/ps7_0_axi_periph/s00_couplers/auto_pc/inst/gen_axilite.gen_b2s_conv.axilite_b2s/RD.ar_channel_0/ar_cmd_fsm_0/m_axi_arready_2                                 |                                                                                                                                                                                                           |                9 |             21 |         2.33 |
|  Audio_Effect_Box_i/processing_system7_0/inst/FCLK_CLK0 | Audio_Effect_Box_i/i2s_receiver_0/inst/I2S_RX_V1_0_SYS_INST/AXIS_FIFO_INST/xpm_fifo_async_inst/gnuram_async_fifo.xpm_fifo_base_inst/xpm_fifo_rst_inst/wr_pntr_plus1_pf_carry    | Audio_Effect_Box_i/i2s_receiver_0/inst/I2S_RX_V1_0_SYS_INST/AXIS_FIFO_INST/xpm_fifo_async_inst/gnuram_async_fifo.xpm_fifo_base_inst/xpm_fifo_rst_inst/wrst_busy                                           |                5 |             21 |         4.20 |
|  Audio_Effect_Box_i/processing_system7_0/inst/FCLK_CLK0 | Audio_Effect_Box_i/i2s_transmitter_0/inst/I2S_TX_V1_0_SYS_INST/AXIS_FIFO_INST/xpm_fifo_async_inst/gnuram_async_fifo.xpm_fifo_base_inst/xpm_fifo_rst_inst/wr_pntr_plus1_pf_carry | Audio_Effect_Box_i/i2s_transmitter_0/inst/I2S_TX_V1_0_SYS_INST/AXIS_FIFO_INST/xpm_fifo_async_inst/gnuram_async_fifo.xpm_fifo_base_inst/xpm_fifo_rst_inst/wrst_busy                                        |                9 |             22 |         2.44 |
|  Audio_Effect_Box_i/processing_system7_0/inst/FCLK_CLK0 | Audio_Effect_Box_i/i2s_transmitter_0/inst/I2S_TX_V1_0_SYS_INST/AXIS_FIFO_INST/E[0]                                                                                              |                                                                                                                                                                                                           |                7 |             24 |         3.43 |
|  Audio_Effect_Box_i/processing_system7_0/inst/FCLK_CLK0 | Audio_Effect_Box_i/i2s_transmitter_0/inst/I2S_TX_V1_0_SYS_INST/AXIS_FIFO_INST/mclk_rChMuxSelect_reg[1][3][0]                                                                    |                                                                                                                                                                                                           |                9 |             24 |         2.67 |
|  Audio_Effect_Box_i/processing_system7_0/inst/FCLK_CLK0 | Audio_Effect_Box_i/ps7_0_axi_periph/s00_couplers/auto_pc/inst/gen_axilite.gen_b2s_conv.axilite_b2s/WR.aw_channel_0/aw_cmd_fsm_0/FSM_sequential_state_reg[0]_1                   |                                                                                                                                                                                                           |                8 |             24 |         3.00 |
|  Audio_Effect_Box_i/processing_system7_0/inst/FCLK_CLK0 | Audio_Effect_Box_i/i2s_receiver_0/inst/I2S_RX_V1_0_SYS_INST/genblk3[0].I2S_RX_V1_0_SER_INST/syncstages_ff_reg[1][1]                                                             |                                                                                                                                                                                                           |                3 |             24 |         8.00 |
|  Audio_Effect_Box_i/processing_system7_0/inst/FCLK_CLK0 | Audio_Effect_Box_i/i2s_transmitter_0/inst/I2S_TX_V1_0_SYS_INST/genblk4[0].I2S_TX_V1_0_SER_INST/mclk_nAudCapt_0                                                                  | Audio_Effect_Box_i/i2s_transmitter_0/inst/I2S_TX_V1_0_SYS_INST/genblk4[0].I2S_TX_V1_0_SER_INST/iMRst0                                                                                                     |                6 |             24 |         4.00 |
|  Audio_Effect_Box_i/processing_system7_0/inst/FCLK_CLK0 | Audio_Effect_Box_i/i2s_receiver_0/inst/I2S_RX_V1_0_SYS_INST/genblk3[0].I2S_RX_V1_0_SER_INST/mclk_nAudValid_0                                                                    | Audio_Effect_Box_i/i2s_receiver_0/inst/I2S_RX_V1_0_SYS_INST/I2S_RX_V1_0_TIMGEN_INST/iMRst0                                                                                                                |                6 |             24 |         4.00 |
|  Audio_Effect_Box_i/processing_system7_0/inst/FCLK_CLK0 | Audio_Effect_Box_i/i2s_receiver_0/inst/I2S_RX_V1_0_SYS_INST/genblk3[0].I2S_RX_V1_0_SER_INST/syncstages_ff_reg[1][1]                                                             | Audio_Effect_Box_i/i2s_receiver_0/inst/I2S_RX_V1_0_SYS_INST/genblk3[0].mclk_rAudData[0][47]_i_1_n_0                                                                                                       |                5 |             24 |         4.80 |
|  Audio_Effect_Box_i/processing_system7_0/inst/FCLK_CLK0 | Audio_Effect_Box_i/i2s_receiver_0/inst/I2S_RX_V1_0_SYS_INST/genblk3[0].I2S_RX_V1_0_SER_INST/rAudData[47]                                                                        |                                                                                                                                                                                                           |                4 |             24 |         6.00 |
|  Audio_Effect_Box_i/processing_system7_0/inst/FCLK_CLK0 | Audio_Effect_Box_i/i2s_receiver_0/inst/I2S_RX_V1_0_SYS_INST/genblk3[0].I2S_RX_V1_0_SER_INST/rAudData[23]                                                                        |                                                                                                                                                                                                           |                5 |             24 |         4.80 |
|  Audio_Effect_Box_i/processing_system7_0/inst/FCLK_CLK0 | Audio_Effect_Box_i/i2s_receiver_0/inst/I2S_RX_V1_0_SYS_INST/AXIS_FIFO_INST/genblk3[0].mclk_rAudValid_reg[0]                                                                     | Audio_Effect_Box_i/i2s_receiver_0/inst/I2S_RX_V1_0_SYS_INST/I2S_RX_V1_0_TIMGEN_INST/iMRst0                                                                                                                |                8 |             24 |         3.00 |
|  Audio_Effect_Box_i/processing_system7_0/inst/FCLK_CLK0 | Audio_Effect_Box_i/axi_iic_0/U0/X_IIC/X_AXI_IPIF_SSP1/AXI_LITE_IPIF_I/I_SLAVE_ATTACHMENT/start2                                                                                 | Audio_Effect_Box_i/axi_iic_0/U0/X_IIC/X_AXI_IPIF_SSP1/AXI_LITE_IPIF_I/I_SLAVE_ATTACHMENT/I_DECODER/cs_ce_clr                                                                                              |                8 |             24 |         3.00 |
|  Audio_Effect_Box_i/processing_system7_0/inst/FCLK_CLK0 | Audio_Effect_Box_i/ps7_0_axi_periph/xbar/inst/gen_sasd.crossbar_sasd_0/addr_arbiter_inst/p_0_in1_in                                                                             | Audio_Effect_Box_i/ps7_0_axi_periph/xbar/inst/gen_sasd.crossbar_sasd_0/addr_arbiter_inst/SR[0]                                                                                                            |               10 |             25 |         2.50 |
|  Audio_Effect_Box_i/processing_system7_0/inst/FCLK_CLK0 | Audio_Effect_Box_i/i2s_receiver_0/inst/I2S_RX_V1_0_SYS_INST/I2S_RX_V1_0_AES_ENCODER_INST/rAudData_In_0                                                                          |                                                                                                                                                                                                           |                6 |             27 |         4.50 |
|  Audio_Effect_Box_i/processing_system7_0/inst/FCLK_CLK0 | Audio_Effect_Box_i/i2s_receiver_0/inst/I2S_RX_V1_0_SYS_INST/I2S_RX_V1_0_AXI_INST/rAesChannelStatus[63]_i_1_n_0                                                                  | Audio_Effect_Box_i/i2s_receiver_0/inst/I2S_RX_V1_0_SYS_INST/I2S_RX_V1_0_AXI_INST/SR[0]                                                                                                                    |                6 |             32 |         5.33 |
|  Audio_Effect_Box_i/processing_system7_0/inst/FCLK_CLK0 | Audio_Effect_Box_i/i2s_receiver_0/inst/I2S_RX_V1_0_SYS_INST/I2S_RX_V1_0_AXI_INST/rAesChannelStatus[31]_i_1_n_0                                                                  | Audio_Effect_Box_i/i2s_receiver_0/inst/I2S_RX_V1_0_SYS_INST/I2S_RX_V1_0_AXI_INST/SR[0]                                                                                                                    |                9 |             32 |         3.56 |
|  Audio_Effect_Box_i/processing_system7_0/inst/FCLK_CLK0 | Audio_Effect_Box_i/i2s_receiver_0/inst/I2S_RX_V1_0_SYS_INST/genblk3[0].I2S_RX_V1_0_SER_INST/rSDataIn                                                                            |                                                                                                                                                                                                           |                8 |             32 |         4.00 |
|  Audio_Effect_Box_i/processing_system7_0/inst/FCLK_CLK0 | Audio_Effect_Box_i/i2s_receiver_0/inst/I2S_RX_V1_0_SYS_INST/I2S_RX_V1_0_AXI_INST/rAesChannelStatus[191]_i_1_n_0                                                                 | Audio_Effect_Box_i/i2s_receiver_0/inst/I2S_RX_V1_0_SYS_INST/I2S_RX_V1_0_AXI_INST/SR[0]                                                                                                                    |               12 |             32 |         2.67 |
|  Audio_Effect_Box_i/processing_system7_0/inst/FCLK_CLK0 | Audio_Effect_Box_i/i2s_receiver_0/inst/I2S_RX_V1_0_SYS_INST/I2S_RX_V1_0_AXI_INST/rAesChannelStatus[95]_i_1_n_0                                                                  | Audio_Effect_Box_i/i2s_receiver_0/inst/I2S_RX_V1_0_SYS_INST/I2S_RX_V1_0_AXI_INST/SR[0]                                                                                                                    |                8 |             32 |         4.00 |
|  Audio_Effect_Box_i/processing_system7_0/inst/FCLK_CLK0 | Audio_Effect_Box_i/i2s_receiver_0/inst/I2S_RX_V1_0_SYS_INST/I2S_RX_V1_0_AXI_INST/rAesChannelStatus[127]_i_1_n_0                                                                 | Audio_Effect_Box_i/i2s_receiver_0/inst/I2S_RX_V1_0_SYS_INST/I2S_RX_V1_0_AXI_INST/SR[0]                                                                                                                    |               10 |             32 |         3.20 |
|  Audio_Effect_Box_i/processing_system7_0/inst/FCLK_CLK0 | Audio_Effect_Box_i/i2s_receiver_0/inst/I2S_RX_V1_0_SYS_INST/I2S_RX_V1_0_AXI_INST/rAesChannelStatus[159]_i_1_n_0                                                                 | Audio_Effect_Box_i/i2s_receiver_0/inst/I2S_RX_V1_0_SYS_INST/I2S_RX_V1_0_AXI_INST/SR[0]                                                                                                                    |                7 |             32 |         4.57 |
|  Audio_Effect_Box_i/processing_system7_0/inst/FCLK_CLK0 | Audio_Effect_Box_i/i2s_transmitter_0/inst/I2S_TX_V1_0_SYS_INST/genblk4[0].I2S_TX_V1_0_SER_INST/rSDataOut_0                                                                      |                                                                                                                                                                                                           |               12 |             32 |         2.67 |
|  Audio_Effect_Box_i/processing_system7_0/inst/FCLK_CLK0 | Audio_Effect_Box_i/i2s_receiver_0/inst/I2S_RX_V1_0_SYS_INST/I2S_RX_V1_0_AES_ENCODER_INST/rAudValid_Out04_out                                                                    |                                                                                                                                                                                                           |                9 |             32 |         3.56 |
|  Audio_Effect_Box_i/processing_system7_0/inst/FCLK_CLK0 | Audio_Effect_Box_i/i2s_transmitter_0/inst/I2S_TX_V1_0_SYS_INST/I2S_TX_V1_0_AXI_INST/oAxi_RData[31]_i_1_n_0                                                                      | Audio_Effect_Box_i/i2s_transmitter_0/inst/I2S_TX_V1_0_SYS_INST/I2S_TX_V1_0_AXI_INST/SR[0]                                                                                                                 |               12 |             33 |         2.75 |
|  Audio_Effect_Box_i/processing_system7_0/inst/FCLK_CLK0 | Audio_Effect_Box_i/i2s_receiver_0/inst/I2S_RX_V1_0_SYS_INST/I2S_RX_V1_0_AXI_INST/oAxi_RData[31]_i_1_n_0                                                                         | Audio_Effect_Box_i/i2s_receiver_0/inst/I2S_RX_V1_0_SYS_INST/I2S_RX_V1_0_AXI_INST/SR[0]                                                                                                                    |               22 |             33 |         1.50 |
|  Audio_Effect_Box_i/processing_system7_0/inst/FCLK_CLK0 | Audio_Effect_Box_i/ps7_0_axi_periph/s00_couplers/auto_pc/inst/gen_axilite.gen_b2s_conv.axilite_b2s/RD.r_channel_0/rd_data_fifo_0/wr_en0                                         |                                                                                                                                                                                                           |                9 |             34 |         3.78 |
|  Audio_Effect_Box_i/processing_system7_0/inst/FCLK_CLK0 |                                                                                                                                                                                 | Audio_Effect_Box_i/i2s_receiver_0/inst/I2S_RX_V1_0_SYS_INST/I2S_RX_V1_0_AXI_INST/SR[0]                                                                                                                    |               15 |             35 |         2.33 |
|  Audio_Effect_Box_i/processing_system7_0/inst/FCLK_CLK0 | Audio_Effect_Box_i/ps7_0_axi_periph/xbar/inst/gen_sasd.crossbar_sasd_0/addr_arbiter_inst/E[0]                                                                                   |                                                                                                                                                                                                           |                5 |             35 |         7.00 |
|  Audio_Effect_Box_i/processing_system7_0/inst/FCLK_CLK0 |                                                                                                                                                                                 | Audio_Effect_Box_i/i2s_transmitter_0/inst/I2S_TX_V1_0_SYS_INST/I2S_TX_V1_0_AXI_INST/SR[0]                                                                                                                 |               14 |             38 |         2.71 |
|  Audio_Effect_Box_i/processing_system7_0/inst/FCLK_CLK0 |                                                                                                                                                                                 | Audio_Effect_Box_i/axi_iic_0/U0/X_IIC/REG_INTERFACE_I/cr_i_reg[7]_0                                                                                                                                       |               13 |             41 |         3.15 |
|  Audio_Effect_Box_i/processing_system7_0/inst/FCLK_CLK0 |                                                                                                                                                                                 | Audio_Effect_Box_i/axi_iic_0/U0/X_IIC/X_AXI_IPIF_SSP1/X_SOFT_RESET/Bus2IIC_Reset                                                                                                                          |               10 |             42 |         4.20 |
|  Audio_Effect_Box_i/processing_system7_0/inst/FCLK_CLK0 | Audio_Effect_Box_i/ps7_0_axi_periph/s00_couplers/auto_pc/inst/gen_axilite.gen_b2s_conv.axilite_b2s/SI_REG/r.r_pipe/p_1_in                                                       |                                                                                                                                                                                                           |                7 |             47 |         6.71 |
|  Audio_Effect_Box_i/processing_system7_0/inst/FCLK_CLK0 | Audio_Effect_Box_i/ps7_0_axi_periph/s00_couplers/auto_pc/inst/gen_axilite.gen_b2s_conv.axilite_b2s/SI_REG/r.r_pipe/s_ready_i_reg_0                                              |                                                                                                                                                                                                           |                7 |             47 |         6.71 |
|  Audio_Effect_Box_i/processing_system7_0/inst/FCLK_CLK0 | Audio_Effect_Box_i/ps7_0_axi_periph/s00_couplers/auto_pc/inst/gen_axilite.gen_b2s_conv.axilite_b2s/WR.aw_channel_0/aw_cmd_fsm_0/E[0]                                            |                                                                                                                                                                                                           |                8 |             48 |         6.00 |
|  Audio_Effect_Box_i/processing_system7_0/inst/FCLK_CLK0 | Audio_Effect_Box_i/ps7_0_axi_periph/s00_couplers/auto_pc/inst/gen_axilite.gen_b2s_conv.axilite_b2s/RD.ar_channel_0/ar_cmd_fsm_0/m_valid_i_reg[0]                                |                                                                                                                                                                                                           |                9 |             48 |         5.33 |
|  Audio_Effect_Box_i/processing_system7_0/inst/FCLK_CLK0 | Audio_Effect_Box_i/ps7_0_axi_periph/s00_couplers/auto_pc/inst/gen_axilite.gen_b2s_conv.axilite_b2s/SI_REG/aw.aw_pipe/s_ready_i_reg_0                                            |                                                                                                                                                                                                           |                7 |             48 |         6.86 |
|  Audio_Effect_Box_i/processing_system7_0/inst/FCLK_CLK0 | Audio_Effect_Box_i/ps7_0_axi_periph/s00_couplers/auto_pc/inst/gen_axilite.gen_b2s_conv.axilite_b2s/SI_REG/ar.ar_pipe/s_ready_i_reg_0                                            |                                                                                                                                                                                                           |               11 |             48 |         4.36 |
|  Audio_Effect_Box_i/processing_system7_0/inst/FCLK_CLK0 | Audio_Effect_Box_i/i2s_receiver_0/inst/I2S_RX_V1_0_SYS_INST/I2S_RX_V1_0_AES_ENCODER_INST/rChannelStatusCapt_2                                                                   | Audio_Effect_Box_i/i2s_receiver_0/inst/I2S_RX_V1_0_SYS_INST/I2S_RX_V1_0_AES_ENCODER_INST/iRst0                                                                                                            |               56 |            192 |         3.43 |
|  Audio_Effect_Box_i/processing_system7_0/inst/FCLK_CLK0 | Audio_Effect_Box_i/i2s_transmitter_0/inst/I2S_TX_V1_0_SYS_INST/I2S_TX_V1_0_AES_DECODE_INST/rAesLastFrame                                                                        | Audio_Effect_Box_i/i2s_transmitter_0/inst/I2S_TX_V1_0_SYS_INST/I2S_TX_V1_0_AES_DECODE_INST/rChannelStatusCapt0                                                                                            |               32 |            192 |         6.00 |
|  Audio_Effect_Box_i/processing_system7_0/inst/FCLK_CLK0 | Audio_Effect_Box_i/i2s_receiver_0/inst/I2S_RX_V1_0_SYS_INST/CDC_AESCAPTCHSTS_INST/dest_pulse                                                                                    | Audio_Effect_Box_i/i2s_receiver_0/inst/I2S_RX_V1_0_SYS_INST/I2S_RX_V1_0_AES_ENCODER_INST/iRst0                                                                                                            |               45 |            192 |         4.27 |
|  Audio_Effect_Box_i/processing_system7_0/inst/FCLK_CLK0 | Audio_Effect_Box_i/i2s_transmitter_0/inst/I2S_TX_V1_0_SYS_INST/CDC_AESCHSTSUPD_INST/dest_pulse                                                                                  | Audio_Effect_Box_i/i2s_transmitter_0/inst/I2S_TX_V1_0_SYS_INST/I2S_TX_V1_0_AXI_INST/SR[0]                                                                                                                 |               44 |            192 |         4.36 |
|  Audio_Effect_Box_i/processing_system7_0/inst/FCLK_CLK0 | Audio_Effect_Box_i/i2s_transmitter_0/inst/I2S_TX_V1_0_SYS_INST/AXIS_FIFO_INST/s_axis_aud_tid[0]_1[0]                                                                            |                                                                                                                                                                                                           |               31 |            192 |         6.19 |
|  Audio_Effect_Box_i/processing_system7_0/inst/FCLK_CLK0 |                                                                                                                                                                                 |                                                                                                                                                                                                           |              342 |           1617 |         4.73 |
+---------------------------------------------------------+---------------------------------------------------------------------------------------------------------------------------------------------------------------------------------+-----------------------------------------------------------------------------------------------------------------------------------------------------------------------------------------------------------+------------------+----------------+--------------+


